<?xml version="1.0" encoding="UTF-8"?>
<testng-results ignored="0" total="1" passed="1" failed="0" skipped="0">
  <reporter-output>
  </reporter-output>
  <suite started-at="2022-09-19T21:41:09 IST" name="Default suite" finished-at="2022-09-19T21:41:09 IST" duration-ms="77">
    <groups>
    </groups>
    <test started-at="2022-09-19T21:41:09 IST" name="Default test" finished-at="2022-09-19T21:41:09 IST" duration-ms="77">
      <class name="practice.ContactTest">
        <test-method signature="contact()[pri:0, instance:practice.ContactTest@2525ff7e]" started-at="2022-09-19T21:41:09 IST" name="contact" finished-at="2022-09-19T21:41:09 IST" duration-ms="13" status="PASS">
          <reporter-output>
          </reporter-output>
        </test-method> <!-- contact -->
      </class> <!-- practice.ContactTest -->
    </test> <!-- Default test -->
  </suite> <!-- Default suite -->
</testng-results>
